18-11-2025 18:56 [ERROR]: wrong email or isVerified false 
18-11-2025 18:56 [ERROR]: wrong email or isVerified false 
18-11-2025 18:56 [ERROR]: sreerj : login successfully
18-11-2025 18:57 [ERROR]: prodctView area id
18-11-2025 18:57 [ERROR]: TypeError: Cannot read properties of null (reading 'products')
    at getWishlist (C:\Users\gokul\Desktop\E commerce\controllers\user.js:981:40)
    at process.processTicksAndRejections (node:internal/process/task_queues:105:5)
18-11-2025 18:58 [ERROR]: 66abb96dd6a6a53f231efdac
18-11-2025 18:58 [ERROR]: 66abbba3d6a6a53f231efdb9
18-11-2025 18:58 [ERROR]: 66abbb64d6a6a53f231efdb7
18-11-2025 19:00 [ERROR]: Email send:250 2.0.0 OK  1763472606 ffacd0b85a97d-42b53e91f2dsm33057620f8f.19 - gsmtp
18-11-2025 19:02 [ERROR]: Email send:250 2.0.0 OK  1763472739 ffacd0b85a97d-42b53f19aa0sm32665900f8f.37 - gsmtp
18-11-2025 19:13 [ERROR]: prodctView area id
18-11-2025 19:14 [ERROR]: prodctView area id
18-11-2025 19:17 [ERROR]: verification send
18-11-2025 19:17 [ERROR]: verification send -2
18-11-2025 19:17 [ERROR]: Email sent: 250 2.0.0 OK  1763473666 ffacd0b85a97d-42b53e85cc0sm33167992f8f.17 - gsmtp
18-11-2025 19:18 [ERROR]: verification link clicked
18-11-2025 19:18 [ERROR]: user created and signuped
19-11-2025 23:33 [ERROR]: verification send
19-11-2025 23:33 [ERROR]: verification send -2
19-11-2025 23:33 [ERROR]: Email sent: 250 2.0.0 OK  1763575418 ffacd0b85a97d-42cb7f2e581sm458808f8f.8 - gsmtp
19-11-2025 23:33 [ERROR]: verification link clicked
19-11-2025 23:33 [ERROR]: user created and signuped
20-11-2025 17:20 [ERROR]: verification send
20-11-2025 17:20 [ERROR]: verification send -2
20-11-2025 17:20 [ERROR]: Email sent: 250 2.0.0 OK  1763639417 5b1f17b1804b1-477bd1580cbsm2275355e9.2 - gsmtp
21-11-2025 20:08 [ERROR]: TypeError: Cannot read properties of undefined (reading 'trim')
    at registeration (C:\Users\gokul\Desktop\E commerce\controllers\user.js:31:15)
    at Layer.handle [as handle_request] (C:\Users\gokul\Desktop\E commerce\node_modules\express\lib\router\layer.js:95:5)
    at next (C:\Users\gokul\Desktop\E commerce\node_modules\express\lib\router\route.js:149:13)
    at Route.dispatch (C:\Users\gokul\Desktop\E commerce\node_modules\express\lib\router\route.js:119:3)
    at Layer.handle [as handle_request] (C:\Users\gokul\Desktop\E commerce\node_modules\express\lib\router\layer.js:95:5)
    at C:\Users\gokul\Desktop\E commerce\node_modules\express\lib\router\index.js:284:15
    at Function.process_params (C:\Users\gokul\Desktop\E commerce\node_modules\express\lib\router\index.js:346:12)
    at next (C:\Users\gokul\Desktop\E commerce\node_modules\express\lib\router\index.js:280:10)
    at Function.handle (C:\Users\gokul\Desktop\E commerce\node_modules\express\lib\router\index.js:175:3)
    at router (C:\Users\gokul\Desktop\E commerce\node_modules\express\lib\router\index.js:47:12)
21-11-2025 21:55 [ERROR]: TypeError: Cannot read properties of undefined (reading 'trim')
    at registeration (C:\Users\gokul\Desktop\E commerce\controllers\user.js:31:15)
    at Layer.handle [as handle_request] (C:\Users\gokul\Desktop\E commerce\node_modules\express\lib\router\layer.js:95:5)
    at next (C:\Users\gokul\Desktop\E commerce\node_modules\express\lib\router\route.js:149:13)
    at Route.dispatch (C:\Users\gokul\Desktop\E commerce\node_modules\express\lib\router\route.js:119:3)
    at Layer.handle [as handle_request] (C:\Users\gokul\Desktop\E commerce\node_modules\express\lib\router\layer.js:95:5)
    at C:\Users\gokul\Desktop\E commerce\node_modules\express\lib\router\index.js:284:15
    at Function.process_params (C:\Users\gokul\Desktop\E commerce\node_modules\express\lib\router\index.js:346:12)
    at next (C:\Users\gokul\Desktop\E commerce\node_modules\express\lib\router\index.js:280:10)
    at Function.handle (C:\Users\gokul\Desktop\E commerce\node_modules\express\lib\router\index.js:175:3)
    at router (C:\Users\gokul\Desktop\E commerce\node_modules\express\lib\router\index.js:47:12)
21-11-2025 21:56 [ERROR]: verification send
21-11-2025 21:56 [ERROR]: verification send -2
21-11-2025 21:56 [ERROR]: Email sent: 250 2.0.0 OK  1763742378 5b1f17b1804b1-477bf1df3d5sm51791385e9.2 - gsmtp
21-11-2025 21:56 [ERROR]: verification link clicked
21-11-2025 21:56 [ERROR]: user created and signuped
21-11-2025 21:57 [ERROR]: TypeError: Cannot read properties of undefined (reading 'trim')
    at registeration (C:\Users\gokul\Desktop\E commerce\controllers\user.js:31:15)
    at Layer.handle [as handle_request] (C:\Users\gokul\Desktop\E commerce\node_modules\express\lib\router\layer.js:95:5)
    at next (C:\Users\gokul\Desktop\E commerce\node_modules\express\lib\router\route.js:149:13)
    at Route.dispatch (C:\Users\gokul\Desktop\E commerce\node_modules\express\lib\router\route.js:119:3)
    at Layer.handle [as handle_request] (C:\Users\gokul\Desktop\E commerce\node_modules\express\lib\router\layer.js:95:5)
    at C:\Users\gokul\Desktop\E commerce\node_modules\express\lib\router\index.js:284:15
    at Function.process_params (C:\Users\gokul\Desktop\E commerce\node_modules\express\lib\router\index.js:346:12)
    at next (C:\Users\gokul\Desktop\E commerce\node_modules\express\lib\router\index.js:280:10)
    at Function.handle (C:\Users\gokul\Desktop\E commerce\node_modules\express\lib\router\index.js:175:3)
    at router (C:\Users\gokul\Desktop\E commerce\node_modules\express\lib\router\index.js:47:12)
